2018-03-08 11:44:53.301  INFO 3658 --- [main] c.logger.logtester.LogtesterApplication  : Starting LogtesterApplication on ramin-VirtualBox with PID 3658 (/home/ramin/Downloads/logtester/logtester/target/classes started by ramin in /home/ramin/Downloads/logtester/logtester)
2018-03-08 11:44:53.305  INFO 3658 --- [main] c.logger.logtester.LogtesterApplication  : No active profile set, falling back to default profiles: default
2018-03-08 11:44:53.378  INFO 3658 --- [main] ConfigServletWebServerApplicationContext : Refreshing org.springframework.boot.web.servlet.context.AnnotationConfigServletWebServerApplicationContext@71dc3add: startup date [Thu Mar 08 11:44:53 CET 2018]; root of context hierarchy
2018-03-08 11:44:54.330  INFO 3658 --- [main] o.s.b.w.embedded.tomcat.TomcatWebServer  : Tomcat initialized with port(s): 8080 (http)
2018-03-08 11:44:54.353  INFO 3658 --- [main] o.apache.catalina.core.StandardService   : Starting service [Tomcat]
2018-03-08 11:44:54.354  INFO 3658 --- [main] org.apache.catalina.core.StandardEngine  : Starting Servlet Engine: Apache Tomcat/8.5.28
2018-03-08 11:44:54.396  INFO 3658 --- [localhost-startStop-1] o.a.catalina.core.AprLifecycleListener   : The APR based Apache Tomcat Native library which allows optimal performance in production environments was not found on the java.library.path: [/usr/java/packages/lib/amd64:/usr/lib/x86_64-linux-gnu/jni:/lib/x86_64-linux-gnu:/usr/lib/x86_64-linux-gnu:/usr/lib/jni:/lib:/usr/lib]
2018-03-08 11:44:54.480  INFO 3658 --- [localhost-startStop-1] o.a.c.c.C.[Tomcat].[localhost].[/]       : Initializing Spring embedded WebApplicationContext
2018-03-08 11:44:54.480  INFO 3658 --- [localhost-startStop-1] o.s.web.context.ContextLoader            : Root WebApplicationContext: initialization completed in 1102 ms
2018-03-08 11:44:54.997  INFO 3658 --- [localhost-startStop-1] o.s.b.w.servlet.ServletRegistrationBean  : Servlet dispatcherServlet mapped to [/]
2018-03-08 11:44:55.002  INFO 3658 --- [localhost-startStop-1] o.s.b.w.servlet.FilterRegistrationBean   : Mapping filter: 'characterEncodingFilter' to: [/*]
2018-03-08 11:44:55.002  INFO 3658 --- [localhost-startStop-1] o.s.b.w.servlet.FilterRegistrationBean   : Mapping filter: 'hiddenHttpMethodFilter' to: [/*]
2018-03-08 11:44:55.003  INFO 3658 --- [localhost-startStop-1] o.s.b.w.servlet.FilterRegistrationBean   : Mapping filter: 'httpPutFormContentFilter' to: [/*]
2018-03-08 11:44:55.003  INFO 3658 --- [localhost-startStop-1] o.s.b.w.servlet.FilterRegistrationBean   : Mapping filter: 'requestContextFilter' to: [/*]
2018-03-08 11:44:55.003  INFO 3658 --- [localhost-startStop-1] o.s.b.w.servlet.FilterRegistrationBean   : Mapping filter: 'httpTraceFilter' to: [/*]
2018-03-08 11:44:55.003  INFO 3658 --- [localhost-startStop-1] o.s.b.w.servlet.FilterRegistrationBean   : Mapping filter: 'webMvcMetricsFilter' to: [/*]
2018-03-08 11:44:55.271  INFO 3658 --- [main] s.w.s.m.m.a.RequestMappingHandlerAdapter : Looking for @ControllerAdvice: org.springframework.boot.web.servlet.context.AnnotationConfigServletWebServerApplicationContext@71dc3add: startup date [Thu Mar 08 11:44:53 CET 2018]; root of context hierarchy
2018-03-08 11:44:55.355  INFO 3658 --- [main] s.w.s.m.m.a.RequestMappingHandlerMapping : Mapped "{[/test]}" onto public java.lang.String com.logger.logtester.LogTesterController.createInfoLog()
2018-03-08 11:44:55.360  INFO 3658 --- [main] s.w.s.m.m.a.RequestMappingHandlerMapping : Mapped "{[/error],produces=[text/html]}" onto public org.springframework.web.servlet.ModelAndView org.springframework.boot.autoconfigure.web.servlet.error.BasicErrorController.errorHtml(javax.servlet.http.HttpServletRequest,javax.servlet.http.HttpServletResponse)
2018-03-08 11:44:55.360  INFO 3658 --- [main] s.w.s.m.m.a.RequestMappingHandlerMapping : Mapped "{[/error]}" onto public org.springframework.http.ResponseEntity<java.util.Map<java.lang.String, java.lang.Object>> org.springframework.boot.autoconfigure.web.servlet.error.BasicErrorController.error(javax.servlet.http.HttpServletRequest)
2018-03-08 11:44:55.397  INFO 3658 --- [main] o.s.w.s.handler.SimpleUrlHandlerMapping  : Mapped URL path [/webjars/**] onto handler of type [class org.springframework.web.servlet.resource.ResourceHttpRequestHandler]
2018-03-08 11:44:55.402  INFO 3658 --- [main] o.s.w.s.handler.SimpleUrlHandlerMapping  : Mapped URL path [/**] onto handler of type [class org.springframework.web.servlet.resource.ResourceHttpRequestHandler]
2018-03-08 11:44:55.436  INFO 3658 --- [main] o.s.w.s.handler.SimpleUrlHandlerMapping  : Mapped URL path [/**/favicon.ico] onto handler of type [class org.springframework.web.servlet.resource.ResourceHttpRequestHandler]
2018-03-08 11:44:55.628  INFO 3658 --- [main] s.b.a.e.w.s.WebMvcEndpointHandlerMapping : Mapped "{[/actuator/health],methods=[GET],produces=[application/vnd.spring-boot.actuator.v2+json || application/json]}" onto public java.lang.Object org.springframework.boot.actuate.endpoint.web.servlet.AbstractWebMvcEndpointHandlerMapping$OperationHandler.handle(javax.servlet.http.HttpServletRequest,java.util.Map<java.lang.String, java.lang.String>)
2018-03-08 11:44:55.629  INFO 3658 --- [main] s.b.a.e.w.s.WebMvcEndpointHandlerMapping : Mapped "{[/actuator/info],methods=[GET],produces=[application/vnd.spring-boot.actuator.v2+json || application/json]}" onto public java.lang.Object org.springframework.boot.actuate.endpoint.web.servlet.AbstractWebMvcEndpointHandlerMapping$OperationHandler.handle(javax.servlet.http.HttpServletRequest,java.util.Map<java.lang.String, java.lang.String>)
2018-03-08 11:44:55.630  INFO 3658 --- [main] s.b.a.e.w.s.WebMvcEndpointHandlerMapping : Mapped "{[/actuator],methods=[GET],produces=[application/vnd.spring-boot.actuator.v2+json || application/json]}" onto protected java.util.Map<java.lang.String, java.util.Map<java.lang.String, org.springframework.boot.actuate.endpoint.web.Link>> org.springframework.boot.actuate.endpoint.web.servlet.WebMvcEndpointHandlerMapping.links(javax.servlet.http.HttpServletRequest,javax.servlet.http.HttpServletResponse)
2018-03-08 11:44:55.698  INFO 3658 --- [main] o.s.j.e.a.AnnotationMBeanExporter        : Registering beans for JMX exposure on startup
2018-03-08 11:44:55.762  INFO 3658 --- [main] o.s.b.w.embedded.tomcat.TomcatWebServer  : Tomcat started on port(s): 8080 (http) with context path ''
2018-03-08 11:44:55.772  INFO 3658 --- [main] c.logger.logtester.LogtesterApplication  : Started LogtesterApplication in 3.038 seconds (JVM running for 5.619)
2018-03-08 13:21:11.300  INFO 3658 --- [Thread-7] ConfigServletWebServerApplicationContext : Closing org.springframework.boot.web.servlet.context.AnnotationConfigServletWebServerApplicationContext@71dc3add: startup date [Thu Mar 08 11:44:53 CET 2018]; root of context hierarchy
2018-03-08 13:21:11.323  INFO 3658 --- [Thread-7] o.s.j.e.a.AnnotationMBeanExporter        : Unregistering JMX-exposed beans on shutdown
2018-03-08 13:24:14.073  INFO 4980 --- [main] c.logger.logtester.LogtesterApplication  : Starting LogtesterApplication on ramin-VirtualBox with PID 4980 (/home/ramin/Downloads/logtester/logtester/target/classes started by ramin in /home/ramin/Downloads/logtester/logtester)
2018-03-08 13:24:14.077  INFO 4980 --- [main] c.logger.logtester.LogtesterApplication  : No active profile set, falling back to default profiles: default
2018-03-08 13:24:14.197  INFO 4980 --- [main] ConfigServletWebServerApplicationContext : Refreshing org.springframework.boot.web.servlet.context.AnnotationConfigServletWebServerApplicationContext@38a5fb12: startup date [Thu Mar 08 13:24:14 CET 2018]; root of context hierarchy
2018-03-08 13:24:15.501  INFO 4980 --- [main] o.s.b.w.embedded.tomcat.TomcatWebServer  : Tomcat initialized with port(s): 8080 (http)
2018-03-08 13:24:15.571  INFO 4980 --- [main] o.apache.catalina.core.StandardService   : Starting service [Tomcat]
2018-03-08 13:24:15.577  INFO 4980 --- [main] org.apache.catalina.core.StandardEngine  : Starting Servlet Engine: Apache Tomcat/8.5.28
2018-03-08 13:24:15.628  INFO 4980 --- [localhost-startStop-1] o.a.catalina.core.AprLifecycleListener   : The APR based Apache Tomcat Native library which allows optimal performance in production environments was not found on the java.library.path: [/usr/java/packages/lib/amd64:/usr/lib/x86_64-linux-gnu/jni:/lib/x86_64-linux-gnu:/usr/lib/x86_64-linux-gnu:/usr/lib/jni:/lib:/usr/lib]
2018-03-08 13:24:15.760  INFO 4980 --- [localhost-startStop-1] o.a.c.c.C.[Tomcat].[localhost].[/]       : Initializing Spring embedded WebApplicationContext
2018-03-08 13:24:15.761  INFO 4980 --- [localhost-startStop-1] o.s.web.context.ContextLoader            : Root WebApplicationContext: initialization completed in 1564 ms
2018-03-08 13:24:16.480  INFO 4980 --- [localhost-startStop-1] o.s.b.w.servlet.ServletRegistrationBean  : Servlet dispatcherServlet mapped to [/]
2018-03-08 13:24:16.486  INFO 4980 --- [localhost-startStop-1] o.s.b.w.servlet.FilterRegistrationBean   : Mapping filter: 'characterEncodingFilter' to: [/*]
2018-03-08 13:24:16.497  INFO 4980 --- [localhost-startStop-1] o.s.b.w.servlet.FilterRegistrationBean   : Mapping filter: 'hiddenHttpMethodFilter' to: [/*]
2018-03-08 13:24:16.498  INFO 4980 --- [localhost-startStop-1] o.s.b.w.servlet.FilterRegistrationBean   : Mapping filter: 'httpPutFormContentFilter' to: [/*]
2018-03-08 13:24:16.498  INFO 4980 --- [localhost-startStop-1] o.s.b.w.servlet.FilterRegistrationBean   : Mapping filter: 'requestContextFilter' to: [/*]
2018-03-08 13:24:16.499  INFO 4980 --- [localhost-startStop-1] o.s.b.w.servlet.FilterRegistrationBean   : Mapping filter: 'httpTraceFilter' to: [/*]
2018-03-08 13:24:16.500  INFO 4980 --- [localhost-startStop-1] o.s.b.w.servlet.FilterRegistrationBean   : Mapping filter: 'webMvcMetricsFilter' to: [/*]
2018-03-08 13:24:16.928  INFO 4980 --- [main] s.w.s.m.m.a.RequestMappingHandlerAdapter : Looking for @ControllerAdvice: org.springframework.boot.web.servlet.context.AnnotationConfigServletWebServerApplicationContext@38a5fb12: startup date [Thu Mar 08 13:24:14 CET 2018]; root of context hierarchy
2018-03-08 13:24:17.007  INFO 4980 --- [main] s.w.s.m.m.a.RequestMappingHandlerMapping : Mapped "{[/test]}" onto public java.lang.String com.logger.logtester.LogTesterController.createInfoLog()
2018-03-08 13:24:17.012  INFO 4980 --- [main] s.w.s.m.m.a.RequestMappingHandlerMapping : Mapped "{[/error],produces=[text/html]}" onto public org.springframework.web.servlet.ModelAndView org.springframework.boot.autoconfigure.web.servlet.error.BasicErrorController.errorHtml(javax.servlet.http.HttpServletRequest,javax.servlet.http.HttpServletResponse)
2018-03-08 13:24:17.013  INFO 4980 --- [main] s.w.s.m.m.a.RequestMappingHandlerMapping : Mapped "{[/error]}" onto public org.springframework.http.ResponseEntity<java.util.Map<java.lang.String, java.lang.Object>> org.springframework.boot.autoconfigure.web.servlet.error.BasicErrorController.error(javax.servlet.http.HttpServletRequest)
2018-03-08 13:24:17.063  INFO 4980 --- [main] o.s.w.s.handler.SimpleUrlHandlerMapping  : Mapped URL path [/webjars/**] onto handler of type [class org.springframework.web.servlet.resource.ResourceHttpRequestHandler]
2018-03-08 13:24:17.068  INFO 4980 --- [main] o.s.w.s.handler.SimpleUrlHandlerMapping  : Mapped URL path [/**] onto handler of type [class org.springframework.web.servlet.resource.ResourceHttpRequestHandler]
2018-03-08 13:24:17.106  INFO 4980 --- [main] o.s.w.s.handler.SimpleUrlHandlerMapping  : Mapped URL path [/**/favicon.ico] onto handler of type [class org.springframework.web.servlet.resource.ResourceHttpRequestHandler]
2018-03-08 13:24:17.399  INFO 4980 --- [main] s.b.a.e.w.s.WebMvcEndpointHandlerMapping : Mapped "{[/actuator/health],methods=[GET],produces=[application/vnd.spring-boot.actuator.v2+json || application/json]}" onto public java.lang.Object org.springframework.boot.actuate.endpoint.web.servlet.AbstractWebMvcEndpointHandlerMapping$OperationHandler.handle(javax.servlet.http.HttpServletRequest,java.util.Map<java.lang.String, java.lang.String>)
2018-03-08 13:24:17.400  INFO 4980 --- [main] s.b.a.e.w.s.WebMvcEndpointHandlerMapping : Mapped "{[/actuator/info],methods=[GET],produces=[application/vnd.spring-boot.actuator.v2+json || application/json]}" onto public java.lang.Object org.springframework.boot.actuate.endpoint.web.servlet.AbstractWebMvcEndpointHandlerMapping$OperationHandler.handle(javax.servlet.http.HttpServletRequest,java.util.Map<java.lang.String, java.lang.String>)
2018-03-08 13:24:17.401  INFO 4980 --- [main] s.b.a.e.w.s.WebMvcEndpointHandlerMapping : Mapped "{[/actuator],methods=[GET],produces=[application/vnd.spring-boot.actuator.v2+json || application/json]}" onto protected java.util.Map<java.lang.String, java.util.Map<java.lang.String, org.springframework.boot.actuate.endpoint.web.Link>> org.springframework.boot.actuate.endpoint.web.servlet.WebMvcEndpointHandlerMapping.links(javax.servlet.http.HttpServletRequest,javax.servlet.http.HttpServletResponse)
2018-03-08 13:24:17.469  INFO 4980 --- [main] o.s.j.e.a.AnnotationMBeanExporter        : Registering beans for JMX exposure on startup
2018-03-08 13:24:17.615  INFO 4980 --- [main] o.s.b.w.embedded.tomcat.TomcatWebServer  : Tomcat started on port(s): 8080 (http) with context path ''
2018-03-08 13:24:17.629  INFO 4980 --- [main] c.logger.logtester.LogtesterApplication  : Started LogtesterApplication in 4.209 seconds (JVM running for 6.714)
2018-03-08 13:25:33.431  INFO 4980 --- [http-nio-8080-exec-1] o.a.c.c.C.[Tomcat].[localhost].[/]       : Initializing Spring FrameworkServlet 'dispatcherServlet'
2018-03-08 13:25:33.431  INFO 4980 --- [http-nio-8080-exec-1] o.s.web.servlet.DispatcherServlet        : FrameworkServlet 'dispatcherServlet': initialization started
2018-03-08 13:25:33.458  INFO 4980 --- [http-nio-8080-exec-1] o.s.web.servlet.DispatcherServlet        : FrameworkServlet 'dispatcherServlet': initialization completed in 26 ms
2018-03-08 13:25:37.664  INFO 4980 --- [http-nio-8080-exec-2] c.logger.logtester.LogTesterController   : This is an info message.
2018-03-08 13:25:37.665  WARN 4980 --- [http-nio-8080-exec-2] c.logger.logtester.LogTesterController   : This is a warn message.
2018-03-08 13:25:37.665 ERROR 4980 --- [http-nio-8080-exec-2] c.logger.logtester.LogTesterController   : This is an error message.
2018-03-08 13:27:21.532  INFO 4980 --- [http-nio-8080-exec-4] c.logger.logtester.LogTesterController   : This is an info message.
2018-03-08 13:27:21.532  WARN 4980 --- [http-nio-8080-exec-4] c.logger.logtester.LogTesterController   : This is a warn message.
2018-03-08 13:27:21.533 ERROR 4980 --- [http-nio-8080-exec-4] c.logger.logtester.LogTesterController   : This is an error message.
2018-03-08 13:28:02.826  INFO 4980 --- [Thread-8] ConfigServletWebServerApplicationContext : Closing org.springframework.boot.web.servlet.context.AnnotationConfigServletWebServerApplicationContext@38a5fb12: startup date [Thu Mar 08 13:24:14 CET 2018]; root of context hierarchy
2018-03-08 13:28:02.836  INFO 4980 --- [Thread-8] o.s.j.e.a.AnnotationMBeanExporter        : Unregistering JMX-exposed beans on shutdown
